2019-04-29 08:49:31,149 - SimpleLog4JLogSystem initialized using logfile 'velocity.log'
2019-04-29 08:49:31,149 - ************************************************************** 
2019-04-29 08:49:31,149 - Starting Jakarta Velocity v1.4
2019-04-29 08:49:31,149 - RuntimeInstance initializing.
2019-04-29 08:49:31,149 - Default Properties File: org\apache\velocity\runtime\defaults\velocity.properties
2019-04-29 08:49:31,149 - Trying to use logger class org.apache.velocity.runtime.log.SimpleLog4JLogSystem
2019-04-29 08:49:31,149 - Using logger class org.apache.velocity.runtime.log.SimpleLog4JLogSystem
2019-04-29 08:49:31,151 - Default ResourceManager initializing. (class org.apache.velocity.runtime.resource.ResourceManagerImpl)
2019-04-29 08:49:31,152 - Resource Loader Instantiated: org.apache.velocity.runtime.resource.loader.ClasspathResourceLoader
2019-04-29 08:49:31,152 - ClasspathResourceLoader : initialization starting.
2019-04-29 08:49:31,152 - ClasspathResourceLoader : initialization complete.
2019-04-29 08:49:31,153 - ResourceCache : initialized. (class org.apache.velocity.runtime.resource.ResourceCacheImpl)
2019-04-29 08:49:31,153 - Default ResourceManager initialization complete.
2019-04-29 08:49:31,154 - Loaded System Directive: org.apache.velocity.runtime.directive.Literal
2019-04-29 08:49:31,155 - Loaded System Directive: org.apache.velocity.runtime.directive.Macro
2019-04-29 08:49:31,156 - Loaded System Directive: org.apache.velocity.runtime.directive.Parse
2019-04-29 08:49:31,157 - Loaded System Directive: org.apache.velocity.runtime.directive.Include
2019-04-29 08:49:31,158 - Loaded System Directive: org.apache.velocity.runtime.directive.Foreach
2019-04-29 08:49:31,174 - Created: 20 parsers.
2019-04-29 08:49:31,178 - Velocimacro : initialization starting.
2019-04-29 08:49:31,178 - Velocimacro : adding VMs from VM library template : VM_global_library.vm
2019-04-29 08:49:31,179 - ResourceManager : unable to find resource 'VM_global_library.vm' in any resource loader.
2019-04-29 08:49:31,179 - Velocimacro : error using  VM library template VM_global_library.vm : org.apache.velocity.exception.ResourceNotFoundException: Unable to find resource 'VM_global_library.vm'
2019-04-29 08:49:31,179 - Velocimacro :  VM library template macro registration complete.
2019-04-29 08:49:31,179 - Velocimacro : allowInline = true : VMs can be defined inline in templates
2019-04-29 08:49:31,179 - Velocimacro : allowInlineToOverride = false : VMs defined inline may NOT replace previous VM definitions
2019-04-29 08:49:31,179 - Velocimacro : allowInlineLocal = false : VMs defined inline will be  global in scope if allowed.
2019-04-29 08:49:31,180 - Velocimacro : messages on  : VM system will output logging messages
2019-04-29 08:49:31,180 - Velocimacro : autoload off  : VM system will not automatically reload global library macros
2019-04-29 08:49:31,180 - Velocimacro : initialization complete.
2019-04-29 08:49:31,180 - Velocity successfully started.
2019-04-29 08:51:07,905 - SimpleLog4JLogSystem initialized using logfile 'velocity.log'
2019-04-29 08:51:07,905 - ************************************************************** 
2019-04-29 08:51:07,905 - Starting Jakarta Velocity v1.4
2019-04-29 08:51:07,905 - RuntimeInstance initializing.
2019-04-29 08:51:07,905 - Default Properties File: org\apache\velocity\runtime\defaults\velocity.properties
2019-04-29 08:51:07,905 - Trying to use logger class org.apache.velocity.runtime.log.SimpleLog4JLogSystem
2019-04-29 08:51:07,905 - Using logger class org.apache.velocity.runtime.log.SimpleLog4JLogSystem
2019-04-29 08:51:07,907 - Default ResourceManager initializing. (class org.apache.velocity.runtime.resource.ResourceManagerImpl)
2019-04-29 08:51:07,908 - Resource Loader Instantiated: org.apache.velocity.runtime.resource.loader.ClasspathResourceLoader
2019-04-29 08:51:07,908 - ClasspathResourceLoader : initialization starting.
2019-04-29 08:51:07,908 - ClasspathResourceLoader : initialization complete.
2019-04-29 08:51:07,909 - ResourceCache : initialized. (class org.apache.velocity.runtime.resource.ResourceCacheImpl)
2019-04-29 08:51:07,909 - Default ResourceManager initialization complete.
2019-04-29 08:51:07,910 - Loaded System Directive: org.apache.velocity.runtime.directive.Literal
2019-04-29 08:51:07,911 - Loaded System Directive: org.apache.velocity.runtime.directive.Macro
2019-04-29 08:51:07,913 - Loaded System Directive: org.apache.velocity.runtime.directive.Parse
2019-04-29 08:51:07,914 - Loaded System Directive: org.apache.velocity.runtime.directive.Include
2019-04-29 08:51:07,915 - Loaded System Directive: org.apache.velocity.runtime.directive.Foreach
2019-04-29 08:51:07,932 - Created: 20 parsers.
2019-04-29 08:51:07,937 - Velocimacro : initialization starting.
2019-04-29 08:51:07,937 - Velocimacro : adding VMs from VM library template : VM_global_library.vm
2019-04-29 08:51:07,939 - ResourceManager : unable to find resource 'VM_global_library.vm' in any resource loader.
2019-04-29 08:51:07,939 - Velocimacro : error using  VM library template VM_global_library.vm : org.apache.velocity.exception.ResourceNotFoundException: Unable to find resource 'VM_global_library.vm'
2019-04-29 08:51:07,940 - Velocimacro :  VM library template macro registration complete.
2019-04-29 08:51:07,940 - Velocimacro : allowInline = true : VMs can be defined inline in templates
2019-04-29 08:51:07,940 - Velocimacro : allowInlineToOverride = false : VMs defined inline may NOT replace previous VM definitions
2019-04-29 08:51:07,940 - Velocimacro : allowInlineLocal = false : VMs defined inline will be  global in scope if allowed.
2019-04-29 08:51:07,940 - Velocimacro : messages on  : VM system will output logging messages
2019-04-29 08:51:07,940 - Velocimacro : autoload off  : VM system will not automatically reload global library macros
2019-04-29 08:51:07,940 - Velocimacro : initialization complete.
2019-04-29 08:51:07,940 - Velocity successfully started.
2019-04-29 08:54:16,284 - SimpleLog4JLogSystem initialized using logfile 'velocity.log'
2019-04-29 08:54:16,284 - ************************************************************** 
2019-04-29 08:54:16,284 - Starting Jakarta Velocity v1.4
2019-04-29 08:54:16,284 - RuntimeInstance initializing.
2019-04-29 08:54:16,284 - Default Properties File: org\apache\velocity\runtime\defaults\velocity.properties
2019-04-29 08:54:16,285 - Trying to use logger class org.apache.velocity.runtime.log.SimpleLog4JLogSystem
2019-04-29 08:54:16,285 - Using logger class org.apache.velocity.runtime.log.SimpleLog4JLogSystem
2019-04-29 08:54:16,286 - Default ResourceManager initializing. (class org.apache.velocity.runtime.resource.ResourceManagerImpl)
2019-04-29 08:54:16,288 - Resource Loader Instantiated: org.apache.velocity.runtime.resource.loader.ClasspathResourceLoader
2019-04-29 08:54:16,288 - ClasspathResourceLoader : initialization starting.
2019-04-29 08:54:16,288 - ClasspathResourceLoader : initialization complete.
2019-04-29 08:54:16,289 - ResourceCache : initialized. (class org.apache.velocity.runtime.resource.ResourceCacheImpl)
2019-04-29 08:54:16,289 - Default ResourceManager initialization complete.
2019-04-29 08:54:16,290 - Loaded System Directive: org.apache.velocity.runtime.directive.Literal
2019-04-29 08:54:16,291 - Loaded System Directive: org.apache.velocity.runtime.directive.Macro
2019-04-29 08:54:16,293 - Loaded System Directive: org.apache.velocity.runtime.directive.Parse
2019-04-29 08:54:16,294 - Loaded System Directive: org.apache.velocity.runtime.directive.Include
2019-04-29 08:54:16,294 - Loaded System Directive: org.apache.velocity.runtime.directive.Foreach
2019-04-29 08:54:16,312 - Created: 20 parsers.
2019-04-29 08:54:16,316 - Velocimacro : initialization starting.
2019-04-29 08:54:16,316 - Velocimacro : adding VMs from VM library template : VM_global_library.vm
2019-04-29 08:54:16,319 - ResourceManager : unable to find resource 'VM_global_library.vm' in any resource loader.
2019-04-29 08:54:16,319 - Velocimacro : error using  VM library template VM_global_library.vm : org.apache.velocity.exception.ResourceNotFoundException: Unable to find resource 'VM_global_library.vm'
2019-04-29 08:54:16,319 - Velocimacro :  VM library template macro registration complete.
2019-04-29 08:54:16,319 - Velocimacro : allowInline = true : VMs can be defined inline in templates
2019-04-29 08:54:16,319 - Velocimacro : allowInlineToOverride = false : VMs defined inline may NOT replace previous VM definitions
2019-04-29 08:54:16,319 - Velocimacro : allowInlineLocal = false : VMs defined inline will be  global in scope if allowed.
2019-04-29 08:54:16,319 - Velocimacro : messages on  : VM system will output logging messages
2019-04-29 08:54:16,319 - Velocimacro : autoload off  : VM system will not automatically reload global library macros
2019-04-29 08:54:16,319 - Velocimacro : initialization complete.
2019-04-29 08:54:16,319 - Velocity successfully started.
2019-04-29 09:00:03,477 - SimpleLog4JLogSystem initialized using logfile 'velocity.log'
2019-04-29 09:00:03,478 - ************************************************************** 
2019-04-29 09:00:03,478 - Starting Jakarta Velocity v1.4
2019-04-29 09:00:03,478 - RuntimeInstance initializing.
2019-04-29 09:00:03,478 - Default Properties File: org\apache\velocity\runtime\defaults\velocity.properties
2019-04-29 09:00:03,478 - Trying to use logger class org.apache.velocity.runtime.log.SimpleLog4JLogSystem
2019-04-29 09:00:03,478 - Using logger class org.apache.velocity.runtime.log.SimpleLog4JLogSystem
2019-04-29 09:00:03,480 - Default ResourceManager initializing. (class org.apache.velocity.runtime.resource.ResourceManagerImpl)
2019-04-29 09:00:03,481 - Resource Loader Instantiated: org.apache.velocity.runtime.resource.loader.ClasspathResourceLoader
2019-04-29 09:00:03,482 - ClasspathResourceLoader : initialization starting.
2019-04-29 09:00:03,482 - ClasspathResourceLoader : initialization complete.
2019-04-29 09:00:03,483 - ResourceCache : initialized. (class org.apache.velocity.runtime.resource.ResourceCacheImpl)
2019-04-29 09:00:03,483 - Default ResourceManager initialization complete.
2019-04-29 09:00:03,484 - Loaded System Directive: org.apache.velocity.runtime.directive.Literal
2019-04-29 09:00:03,485 - Loaded System Directive: org.apache.velocity.runtime.directive.Macro
2019-04-29 09:00:03,487 - Loaded System Directive: org.apache.velocity.runtime.directive.Parse
2019-04-29 09:00:03,488 - Loaded System Directive: org.apache.velocity.runtime.directive.Include
2019-04-29 09:00:03,488 - Loaded System Directive: org.apache.velocity.runtime.directive.Foreach
2019-04-29 09:00:03,505 - Created: 20 parsers.
2019-04-29 09:00:03,509 - Velocimacro : initialization starting.
2019-04-29 09:00:03,509 - Velocimacro : adding VMs from VM library template : VM_global_library.vm
2019-04-29 09:00:03,510 - ResourceManager : unable to find resource 'VM_global_library.vm' in any resource loader.
2019-04-29 09:00:03,510 - Velocimacro : error using  VM library template VM_global_library.vm : org.apache.velocity.exception.ResourceNotFoundException: Unable to find resource 'VM_global_library.vm'
2019-04-29 09:00:03,510 - Velocimacro :  VM library template macro registration complete.
2019-04-29 09:00:03,510 - Velocimacro : allowInline = true : VMs can be defined inline in templates
2019-04-29 09:00:03,511 - Velocimacro : allowInlineToOverride = false : VMs defined inline may NOT replace previous VM definitions
2019-04-29 09:00:03,511 - Velocimacro : allowInlineLocal = false : VMs defined inline will be  global in scope if allowed.
2019-04-29 09:00:03,511 - Velocimacro : messages on  : VM system will output logging messages
2019-04-29 09:00:03,511 - Velocimacro : autoload off  : VM system will not automatically reload global library macros
2019-04-29 09:00:03,511 - Velocimacro : initialization complete.
2019-04-29 09:00:03,511 - Velocity successfully started.
