WARN  [AWT-EventQueue-0] 2019-03-06 10:51:45,177 repast.simphony.ui.RSGUIConstants - Error loading: player_play, it will not be used.
WARN  [AWT-EventQueue-0] 2019-03-06 10:51:45,178 repast.simphony.ui.RSGUIConstants - Error loading: player_pause, it will not be used.
WARN  [AWT-EventQueue-0] 2019-03-06 10:51:45,179 repast.simphony.ui.RSGUIConstants - Error loading: player_stop, it will not be used.
WARN  [AWT-EventQueue-0] 2019-03-06 10:51:45,179 repast.simphony.ui.RSGUIConstants - Error loading: player_step, it will not be used.
WARN  [AWT-EventQueue-0] 2019-03-06 10:51:45,180 repast.simphony.ui.RSGUIConstants - Error loading: project_open, it will not be used.
WARN  [AWT-EventQueue-0] 2019-03-06 10:51:45,180 repast.simphony.ui.RSGUIConstants - Error loading: filesave, it will not be used.
WARN  [AWT-EventQueue-0] 2019-03-06 10:51:45,181 repast.simphony.ui.RSGUIConstants - Error loading: filesave16, it will not be used.
WARN  [AWT-EventQueue-0] 2019-03-06 10:51:45,181 repast.simphony.ui.RSGUIConstants - Error loading: filter16, it will not be used.
WARN  [AWT-EventQueue-0] 2019-03-06 10:51:45,182 repast.simphony.ui.RSGUIConstants - Error loading: reload, it will not be used.
WARN  [AWT-EventQueue-0] 2019-03-06 10:51:45,182 repast.simphony.ui.RSGUIConstants - Error loading: exec, it will not be used.
WARN  [AWT-EventQueue-0] 2019-03-06 10:51:45,183 repast.simphony.ui.RSGUIConstants - Error loading: folder, it will not be used.
WARN  [AWT-EventQueue-0] 2019-03-06 10:51:45,183 repast.simphony.ui.RSGUIConstants - Error loading: folder_open, it will not be used.
WARN  [AWT-EventQueue-0] 2019-03-06 10:51:45,184 repast.simphony.ui.RSGUIConstants - Error loading: camera, it will not be used.
WARN  [AWT-EventQueue-0] 2019-03-06 10:51:45,184 repast.simphony.ui.RSGUIConstants - Error loading: movie, it will not be used.
WARN  [AWT-EventQueue-0] 2019-03-06 10:51:45,184 repast.simphony.ui.RSGUIConstants - Error loading: chart, it will not be used.
WARN  [AWT-EventQueue-0] 2019-03-06 10:51:45,185 repast.simphony.ui.RSGUIConstants - Error loading: database, it will not be used.
WARN  [AWT-EventQueue-0] 2019-03-06 10:51:45,185 repast.simphony.ui.RSGUIConstants - Error loading: display, it will not be used.
WARN  [AWT-EventQueue-0] 2019-03-06 10:51:45,186 repast.simphony.ui.RSGUIConstants - Error loading: info_viz, it will not be used.
WARN  [AWT-EventQueue-0] 2019-03-06 10:51:45,186 repast.simphony.ui.RSGUIConstants - Error loading: kudesigner, it will not be used.
WARN  [AWT-EventQueue-0] 2019-03-06 10:51:45,187 repast.simphony.ui.RSGUIConstants - Error loading: lockstart_session, it will not be used.
WARN  [AWT-EventQueue-0] 2019-03-06 10:51:45,187 repast.simphony.ui.RSGUIConstants - Error loading: leaf, it will not be used.
WARN  [AWT-EventQueue-0] 2019-03-06 10:51:45,188 repast.simphony.ui.RSGUIConstants - Error loading: edit, it will not be used.
WARN  [AWT-EventQueue-0] 2019-03-06 10:51:45,188 repast.simphony.ui.RSGUIConstants - Error loading: home, it will not be used.
WARN  [AWT-EventQueue-0] 2019-03-06 10:51:45,188 repast.simphony.ui.RSGUIConstants - Error loading: info, it will not be used.
WARN  [AWT-EventQueue-0] 2019-03-06 10:51:45,189 repast.simphony.ui.RSGUIConstants - Error loading: view_sidetree, it will not be used.
WARN  [AWT-EventQueue-0] 2019-03-06 10:51:45,189 repast.simphony.ui.RSGUIConstants - Error loading: harddrive, it will not be used.
WARN  [AWT-EventQueue-0] 2019-03-06 10:51:45,190 repast.simphony.ui.RSGUIConstants - Error loading: button_cancel, it will not be used.
WARN  [AWT-EventQueue-0] 2019-03-06 10:51:45,190 repast.simphony.ui.RSGUIConstants - Error loading: edit_add, it will not be used.
WARN  [AWT-EventQueue-0] 2019-03-06 10:51:45,191 repast.simphony.ui.RSGUIConstants - Error loading: apply, it will not be used.
WARN  [AWT-EventQueue-0] 2019-03-06 10:51:45,191 repast.simphony.ui.RSGUIConstants - Error loading: redo, it will not be used.
FATAL [AWT-EventQueue-0] 2019-03-06 10:51:45,273 repast.simphony.ui.RSUIPlugin - Fatal error starting Repast
java.lang.NoSuchMethodError: com.jgoodies.forms.layout.ColumnSpec.createGap(Lcom/jgoodies/forms/layout/ConstantSize;)Lcom/jgoodies/forms/layout/ColumnSpec;
	at com.jgoodies.forms.layout.FormSpecs.<clinit>(FormSpecs.java:115)
	at repast.simphony.ui.RunOptionsPanel.initComponents(RunOptionsPanel.java:114)
	at repast.simphony.ui.RunOptionsPanel.<init>(RunOptionsPanel.java:39)
	at repast.simphony.ui.RSGui.addRunOptionsView(RSGui.java:558)
	at repast.simphony.ui.RSApplication.initGui(RSApplication.java:655)
	at repast.simphony.ui.RSAppConfigurator.fillBars(RSAppConfigurator.java:52)
	at saf.core.ui.GUICreatorDelegate.createDisplay(GUICreatorDelegate.java:189)
	at saf.core.ui.GUICreator.createDisplay(GUICreator.java:12)
	at repast.simphony.ui.RSUIPlugin$1.run(RSUIPlugin.java:99)
	at java.awt.event.InvocationEvent.dispatch(Unknown Source)
	at java.awt.EventQueue.dispatchEventImpl(Unknown Source)
	at java.awt.EventQueue.access$500(Unknown Source)
	at java.awt.EventQueue$3.run(Unknown Source)
	at java.awt.EventQueue$3.run(Unknown Source)
	at java.security.AccessController.doPrivileged(Native Method)
	at java.security.ProtectionDomain$JavaSecurityAccessImpl.doIntersectionPrivilege(Unknown Source)
	at java.awt.EventQueue.dispatchEvent(Unknown Source)
	at java.awt.EventDispatchThread.pumpOneEventForFilters(Unknown Source)
	at java.awt.EventDispatchThread.pumpEventsForFilter(Unknown Source)
	at java.awt.EventDispatchThread.pumpEventsForHierarchy(Unknown Source)
	at java.awt.EventDispatchThread.pumpEvents(Unknown Source)
	at java.awt.EventDispatchThread.pumpEvents(Unknown Source)
	at java.awt.EventDispatchThread.run(Unknown Source)
WARN  [AWT-EventQueue-0] 2019-03-06 10:58:24,903 repast.simphony.ui.RSGUIConstants - Error loading: player_play, it will not be used.
WARN  [AWT-EventQueue-0] 2019-03-06 10:58:24,904 repast.simphony.ui.RSGUIConstants - Error loading: player_pause, it will not be used.
WARN  [AWT-EventQueue-0] 2019-03-06 10:58:24,904 repast.simphony.ui.RSGUIConstants - Error loading: player_stop, it will not be used.
WARN  [AWT-EventQueue-0] 2019-03-06 10:58:24,905 repast.simphony.ui.RSGUIConstants - Error loading: player_step, it will not be used.
WARN  [AWT-EventQueue-0] 2019-03-06 10:58:24,905 repast.simphony.ui.RSGUIConstants - Error loading: project_open, it will not be used.
WARN  [AWT-EventQueue-0] 2019-03-06 10:58:24,906 repast.simphony.ui.RSGUIConstants - Error loading: filesave, it will not be used.
WARN  [AWT-EventQueue-0] 2019-03-06 10:58:24,906 repast.simphony.ui.RSGUIConstants - Error loading: filesave16, it will not be used.
WARN  [AWT-EventQueue-0] 2019-03-06 10:58:24,907 repast.simphony.ui.RSGUIConstants - Error loading: filter16, it will not be used.
WARN  [AWT-EventQueue-0] 2019-03-06 10:58:24,907 repast.simphony.ui.RSGUIConstants - Error loading: reload, it will not be used.
WARN  [AWT-EventQueue-0] 2019-03-06 10:58:24,908 repast.simphony.ui.RSGUIConstants - Error loading: exec, it will not be used.
WARN  [AWT-EventQueue-0] 2019-03-06 10:58:24,908 repast.simphony.ui.RSGUIConstants - Error loading: folder, it will not be used.
WARN  [AWT-EventQueue-0] 2019-03-06 10:58:24,909 repast.simphony.ui.RSGUIConstants - Error loading: folder_open, it will not be used.
WARN  [AWT-EventQueue-0] 2019-03-06 10:58:24,909 repast.simphony.ui.RSGUIConstants - Error loading: camera, it will not be used.
WARN  [AWT-EventQueue-0] 2019-03-06 10:58:24,910 repast.simphony.ui.RSGUIConstants - Error loading: movie, it will not be used.
WARN  [AWT-EventQueue-0] 2019-03-06 10:58:24,910 repast.simphony.ui.RSGUIConstants - Error loading: chart, it will not be used.
WARN  [AWT-EventQueue-0] 2019-03-06 10:58:24,911 repast.simphony.ui.RSGUIConstants - Error loading: database, it will not be used.
WARN  [AWT-EventQueue-0] 2019-03-06 10:58:24,911 repast.simphony.ui.RSGUIConstants - Error loading: display, it will not be used.
WARN  [AWT-EventQueue-0] 2019-03-06 10:58:24,911 repast.simphony.ui.RSGUIConstants - Error loading: info_viz, it will not be used.
WARN  [AWT-EventQueue-0] 2019-03-06 10:58:24,912 repast.simphony.ui.RSGUIConstants - Error loading: kudesigner, it will not be used.
WARN  [AWT-EventQueue-0] 2019-03-06 10:58:24,913 repast.simphony.ui.RSGUIConstants - Error loading: lockstart_session, it will not be used.
WARN  [AWT-EventQueue-0] 2019-03-06 10:58:24,913 repast.simphony.ui.RSGUIConstants - Error loading: leaf, it will not be used.
WARN  [AWT-EventQueue-0] 2019-03-06 10:58:24,913 repast.simphony.ui.RSGUIConstants - Error loading: edit, it will not be used.
WARN  [AWT-EventQueue-0] 2019-03-06 10:58:24,915 repast.simphony.ui.RSGUIConstants - Error loading: home, it will not be used.
WARN  [AWT-EventQueue-0] 2019-03-06 10:58:24,915 repast.simphony.ui.RSGUIConstants - Error loading: info, it will not be used.
WARN  [AWT-EventQueue-0] 2019-03-06 10:58:24,916 repast.simphony.ui.RSGUIConstants - Error loading: view_sidetree, it will not be used.
WARN  [AWT-EventQueue-0] 2019-03-06 10:58:24,916 repast.simphony.ui.RSGUIConstants - Error loading: harddrive, it will not be used.
WARN  [AWT-EventQueue-0] 2019-03-06 10:58:24,917 repast.simphony.ui.RSGUIConstants - Error loading: button_cancel, it will not be used.
WARN  [AWT-EventQueue-0] 2019-03-06 10:58:24,917 repast.simphony.ui.RSGUIConstants - Error loading: edit_add, it will not be used.
WARN  [AWT-EventQueue-0] 2019-03-06 10:58:24,917 repast.simphony.ui.RSGUIConstants - Error loading: apply, it will not be used.
WARN  [AWT-EventQueue-0] 2019-03-06 10:58:24,918 repast.simphony.ui.RSGUIConstants - Error loading: redo, it will not be used.
FATAL [AWT-EventQueue-0] 2019-03-06 10:58:25,003 repast.simphony.ui.RSUIPlugin - Fatal error starting Repast
java.lang.NoSuchMethodError: com.jgoodies.forms.layout.ColumnSpec.createGap(Lcom/jgoodies/forms/layout/ConstantSize;)Lcom/jgoodies/forms/layout/ColumnSpec;
	at com.jgoodies.forms.layout.FormSpecs.<clinit>(FormSpecs.java:115)
	at repast.simphony.ui.RunOptionsPanel.initComponents(RunOptionsPanel.java:114)
	at repast.simphony.ui.RunOptionsPanel.<init>(RunOptionsPanel.java:39)
	at repast.simphony.ui.RSGui.addRunOptionsView(RSGui.java:558)
	at repast.simphony.ui.RSApplication.initGui(RSApplication.java:655)
	at repast.simphony.ui.RSAppConfigurator.fillBars(RSAppConfigurator.java:52)
	at saf.core.ui.GUICreatorDelegate.createDisplay(GUICreatorDelegate.java:189)
	at saf.core.ui.GUICreator.createDisplay(GUICreator.java:12)
	at repast.simphony.ui.RSUIPlugin$1.run(RSUIPlugin.java:99)
	at java.awt.event.InvocationEvent.dispatch(Unknown Source)
	at java.awt.EventQueue.dispatchEventImpl(Unknown Source)
	at java.awt.EventQueue.access$500(Unknown Source)
	at java.awt.EventQueue$3.run(Unknown Source)
	at java.awt.EventQueue$3.run(Unknown Source)
	at java.security.AccessController.doPrivileged(Native Method)
	at java.security.ProtectionDomain$JavaSecurityAccessImpl.doIntersectionPrivilege(Unknown Source)
	at java.awt.EventQueue.dispatchEvent(Unknown Source)
	at java.awt.EventDispatchThread.pumpOneEventForFilters(Unknown Source)
	at java.awt.EventDispatchThread.pumpEventsForFilter(Unknown Source)
	at java.awt.EventDispatchThread.pumpEventsForHierarchy(Unknown Source)
	at java.awt.EventDispatchThread.pumpEvents(Unknown Source)
	at java.awt.EventDispatchThread.pumpEvents(Unknown Source)
	at java.awt.EventDispatchThread.run(Unknown Source)
WARN  [AWT-EventQueue-0] 2019-03-06 11:04:59,452 repast.simphony.ui.RSGUIConstants - Error loading: player_play, it will not be used.
WARN  [AWT-EventQueue-0] 2019-03-06 11:04:59,453 repast.simphony.ui.RSGUIConstants - Error loading: player_pause, it will not be used.
WARN  [AWT-EventQueue-0] 2019-03-06 11:04:59,454 repast.simphony.ui.RSGUIConstants - Error loading: player_stop, it will not be used.
WARN  [AWT-EventQueue-0] 2019-03-06 11:04:59,455 repast.simphony.ui.RSGUIConstants - Error loading: player_step, it will not be used.
WARN  [AWT-EventQueue-0] 2019-03-06 11:04:59,455 repast.simphony.ui.RSGUIConstants - Error loading: project_open, it will not be used.
WARN  [AWT-EventQueue-0] 2019-03-06 11:04:59,455 repast.simphony.ui.RSGUIConstants - Error loading: filesave, it will not be used.
WARN  [AWT-EventQueue-0] 2019-03-06 11:04:59,456 repast.simphony.ui.RSGUIConstants - Error loading: filesave16, it will not be used.
WARN  [AWT-EventQueue-0] 2019-03-06 11:04:59,456 repast.simphony.ui.RSGUIConstants - Error loading: filter16, it will not be used.
WARN  [AWT-EventQueue-0] 2019-03-06 11:04:59,457 repast.simphony.ui.RSGUIConstants - Error loading: reload, it will not be used.
WARN  [AWT-EventQueue-0] 2019-03-06 11:04:59,457 repast.simphony.ui.RSGUIConstants - Error loading: exec, it will not be used.
WARN  [AWT-EventQueue-0] 2019-03-06 11:04:59,457 repast.simphony.ui.RSGUIConstants - Error loading: folder, it will not be used.
WARN  [AWT-EventQueue-0] 2019-03-06 11:04:59,458 repast.simphony.ui.RSGUIConstants - Error loading: folder_open, it will not be used.
WARN  [AWT-EventQueue-0] 2019-03-06 11:04:59,458 repast.simphony.ui.RSGUIConstants - Error loading: camera, it will not be used.
WARN  [AWT-EventQueue-0] 2019-03-06 11:04:59,458 repast.simphony.ui.RSGUIConstants - Error loading: movie, it will not be used.
WARN  [AWT-EventQueue-0] 2019-03-06 11:04:59,459 repast.simphony.ui.RSGUIConstants - Error loading: chart, it will not be used.
WARN  [AWT-EventQueue-0] 2019-03-06 11:04:59,459 repast.simphony.ui.RSGUIConstants - Error loading: database, it will not be used.
WARN  [AWT-EventQueue-0] 2019-03-06 11:04:59,460 repast.simphony.ui.RSGUIConstants - Error loading: display, it will not be used.
WARN  [AWT-EventQueue-0] 2019-03-06 11:04:59,460 repast.simphony.ui.RSGUIConstants - Error loading: info_viz, it will not be used.
WARN  [AWT-EventQueue-0] 2019-03-06 11:04:59,460 repast.simphony.ui.RSGUIConstants - Error loading: kudesigner, it will not be used.
WARN  [AWT-EventQueue-0] 2019-03-06 11:04:59,461 repast.simphony.ui.RSGUIConstants - Error loading: lockstart_session, it will not be used.
WARN  [AWT-EventQueue-0] 2019-03-06 11:04:59,461 repast.simphony.ui.RSGUIConstants - Error loading: leaf, it will not be used.
WARN  [AWT-EventQueue-0] 2019-03-06 11:04:59,462 repast.simphony.ui.RSGUIConstants - Error loading: edit, it will not be used.
WARN  [AWT-EventQueue-0] 2019-03-06 11:04:59,462 repast.simphony.ui.RSGUIConstants - Error loading: home, it will not be used.
WARN  [AWT-EventQueue-0] 2019-03-06 11:04:59,462 repast.simphony.ui.RSGUIConstants - Error loading: info, it will not be used.
WARN  [AWT-EventQueue-0] 2019-03-06 11:04:59,463 repast.simphony.ui.RSGUIConstants - Error loading: view_sidetree, it will not be used.
WARN  [AWT-EventQueue-0] 2019-03-06 11:04:59,463 repast.simphony.ui.RSGUIConstants - Error loading: harddrive, it will not be used.
WARN  [AWT-EventQueue-0] 2019-03-06 11:04:59,463 repast.simphony.ui.RSGUIConstants - Error loading: button_cancel, it will not be used.
WARN  [AWT-EventQueue-0] 2019-03-06 11:04:59,464 repast.simphony.ui.RSGUIConstants - Error loading: edit_add, it will not be used.
WARN  [AWT-EventQueue-0] 2019-03-06 11:04:59,464 repast.simphony.ui.RSGUIConstants - Error loading: apply, it will not be used.
WARN  [AWT-EventQueue-0] 2019-03-06 11:04:59,464 repast.simphony.ui.RSGUIConstants - Error loading: redo, it will not be used.
FATAL [AWT-EventQueue-0] 2019-03-06 11:04:59,545 repast.simphony.ui.RSUIPlugin - Fatal error starting Repast
java.lang.NoSuchMethodError: com.jgoodies.forms.layout.ColumnSpec.createGap(Lcom/jgoodies/forms/layout/ConstantSize;)Lcom/jgoodies/forms/layout/ColumnSpec;
	at com.jgoodies.forms.layout.FormSpecs.<clinit>(FormSpecs.java:115)
	at repast.simphony.ui.RunOptionsPanel.initComponents(RunOptionsPanel.java:114)
	at repast.simphony.ui.RunOptionsPanel.<init>(RunOptionsPanel.java:39)
	at repast.simphony.ui.RSGui.addRunOptionsView(RSGui.java:558)
	at repast.simphony.ui.RSApplication.initGui(RSApplication.java:655)
	at repast.simphony.ui.RSAppConfigurator.fillBars(RSAppConfigurator.java:52)
	at saf.core.ui.GUICreatorDelegate.createDisplay(GUICreatorDelegate.java:189)
	at saf.core.ui.GUICreator.createDisplay(GUICreator.java:12)
	at repast.simphony.ui.RSUIPlugin$1.run(RSUIPlugin.java:99)
	at java.awt.event.InvocationEvent.dispatch(Unknown Source)
	at java.awt.EventQueue.dispatchEventImpl(Unknown Source)
	at java.awt.EventQueue.access$500(Unknown Source)
	at java.awt.EventQueue$3.run(Unknown Source)
	at java.awt.EventQueue$3.run(Unknown Source)
	at java.security.AccessController.doPrivileged(Native Method)
	at java.security.ProtectionDomain$JavaSecurityAccessImpl.doIntersectionPrivilege(Unknown Source)
	at java.awt.EventQueue.dispatchEvent(Unknown Source)
	at java.awt.EventDispatchThread.pumpOneEventForFilters(Unknown Source)
	at java.awt.EventDispatchThread.pumpEventsForFilter(Unknown Source)
	at java.awt.EventDispatchThread.pumpEventsForHierarchy(Unknown Source)
	at java.awt.EventDispatchThread.pumpEvents(Unknown Source)
	at java.awt.EventDispatchThread.pumpEvents(Unknown Source)
	at java.awt.EventDispatchThread.run(Unknown Source)
